<?xml version="1.0" encoding="UTF-8"?>
<!-- Generated by org.testng.reporters.JUnitReportReporter -->
<testsuite hostname="LD030089" failures="0" tests="1" name="TestRunner" time="5.272" errors="0" timestamp="2022-03-16T16:45:01 PDT" skipped="0">
  <testcase classname="TestRunner" name="Test1" time="5.272"/>
  <system-out/>
</testsuite> <!-- TestRunner -->
