<?xml version="1.0" encoding="UTF-8"?>
<!-- Generated by org.testng.reporters.JUnitReportReporter -->
<testsuite hostname="LD030089" failures="0" tests="1" name="bcvaxdevit.my.salesforce.com.Tests.Login.ClinicianLoginTest" time="15.723" errors="0" timestamp="2022-05-25T12:28:32 PDT" skipped="0">
  <testcase classname="bcvaxdevit.my.salesforce.com.Tests.Login.ClinicianLoginTest" name="Can_login_as_Clinician_to_BCVAXDEVIT" time="15.723"/>
  <system-out/>
</testsuite> <!-- bcvaxdevit.my.salesforce.com.Tests.Login.ClinicianLoginTest -->
